2021-06-04 19:02:42,436 - Open browser  -INFO - Opening Browser ...
2021-06-04 19:02:42,451 - Open browser  -INFO - Open URL = http://automationpractice.com/index.php
2021-06-04 19:02:49,614 - Open browser  -INFO - Open the Excel file
2021-06-04 19:02:51,649 - Open browser  -INFO - ============== TestCase 1 -  Start ==============
2021-06-04 19:02:51,931 - Check Element is displayed -INFO - Signin Button is Displayed successfully
2021-06-04 19:02:54,291 - Check Element is displayed -INFO - click on Signin Button
2021-06-04 19:02:54,618 - Check Element is displayed -INFO - Email is Displayed successfully
2021-06-04 19:02:55,020 - Check Element is displayed -INFO - Set Email : bLlSyYTg@gmail.com
2021-06-04 19:02:55,195 - Check Element is displayed -INFO - create Button is Displayed successfully
2021-06-04 19:02:55,474 - Check Element is displayed -INFO - Click on create Button
2021-06-04 19:02:57,226 - Check Element is displayed -INFO - FirstName is Displayed successfully
2021-06-04 19:02:57,865 - Check Element is displayed -INFO - Set FirstName : hagar
2021-06-04 19:02:58,025 - Check Element is displayed -INFO - LastName is Displayed successfully
2021-06-04 19:02:58,311 - Check Element is displayed -INFO - Set LastName : hassan
2021-06-04 19:02:58,500 - Check Element is displayed -INFO - Password is Displayed successfully
2021-06-04 19:02:58,778 - Check Element is displayed -INFO - Set Password : 789634521H.
2021-06-04 19:02:58,910 - Check Element is displayed -INFO - Address is Displayed successfully
2021-06-04 19:02:59,213 - Check Element is displayed -INFO - Set Address : california
2021-06-04 19:02:59,317 - Check Element is displayed -INFO - City is Displayed successfully
2021-06-04 19:02:59,520 - Check Element is displayed -INFO - Set City : LA
2021-06-04 19:02:59,872 - Check Element is displayed -INFO - Press Tab
2021-06-04 19:03:01,878 - Check Element is displayed -INFO - Scroll down
2021-06-04 19:03:01,964 - Check Element is displayed -INFO - PostCode is Displayed successfully
2021-06-04 19:03:02,197 - Check Element is displayed -INFO - Set PostCode : 67897
2021-06-04 19:03:02,313 - Check Element is displayed -INFO - Mobile is Displayed successfully
2021-06-04 19:03:02,541 - Check Element is displayed -INFO - Set Mobile : 1155654359
2021-06-04 19:03:02,778 - Check Element is displayed -INFO - Register Button is Displayed successfully
2021-06-04 19:03:04,754 - Check Element is displayed -INFO - click on Register Button
2021-06-04 19:03:05,133 - Open browser  -INFO - ============== TestCase 1 -  End ==============
2021-06-04 19:03:05,375 - Open browser  -INFO - Open the Excel file
2021-06-04 19:03:05,797 - Open browser  -INFO - ============== TestCase 2 -  Start ==============
2021-06-04 19:03:06,916 - Hover Element  -INFO - Hover element Women Sec
2021-06-04 19:03:07,285 - Check Element is displayed -INFO - BlousesSec is Displayed successfully
2021-06-04 19:03:10,192 - Check Element is displayed -INFO - click on BlousesSec
2021-06-04 19:03:10,611 - Hover Element  -INFO - Hover element First Blouse
2021-06-04 19:03:11,019 - Check Element is displayed -INFO - Add To Cart Button is Displayed successfully
2021-06-04 19:03:11,169 - Check Element is displayed -INFO - click on Add To Cart Button
2021-06-04 19:03:12,181 - Check Element is displayed -INFO - Proceed To Checkout Button is Displayed successfully
2021-06-04 19:03:14,532 - Check Element is displayed -INFO - click on Proceed To Checkout Button
2021-06-04 19:03:14,773 - Check Element is displayed -INFO - Proceed To Checkout Button is Displayed successfully
2021-06-04 19:03:16,157 - Check Element is displayed -INFO - click on Proceed To Checkout Button
2021-06-04 19:03:16,277 - Check Element is displayed -INFO - Address Comment is Displayed successfully
2021-06-04 19:03:16,686 - Check Element is displayed -INFO - Set Address Comment : 2nd floor
2021-06-04 19:03:16,846 - Check Element is displayed -INFO - Proceed To Checkout Button 2 is Displayed successfully
2021-06-04 19:03:18,723 - Check Element is displayed -INFO - click on Proceed To Checkout Button 2
2021-06-04 19:03:19,137 - Check Element is displayed -INFO - Terms  is Displayed successfully
2021-06-04 19:03:19,419 - Check Element is displayed -INFO - Click on Terms 
2021-06-04 19:03:21,213 - Check Element is displayed -INFO - Close Terms  is Displayed successfully
2021-06-04 19:03:21,365 - Check Element is displayed -INFO - Click on Close Terms 
2021-06-04 19:03:21,466 - Check Element is displayed -INFO - Terms Check Box is Displayed successfully
2021-06-04 19:03:21,929 - Check Element is displayed -INFO - Click on Terms Check Box
2021-06-04 19:03:22,090 - Check Element is displayed -INFO - Proceed To Checkout Button 3 is Displayed successfully
2021-06-04 19:03:24,156 - Check Element is displayed -INFO - click on Proceed To Checkout Button 3
2021-06-04 19:03:24,335 - Check Element is displayed -INFO - Check is Displayed successfully
2021-06-04 19:03:25,760 - Check Element is displayed -INFO - click on Check
2021-06-04 19:03:25,871 - Check Element is displayed -INFO - Confirm Order Button is Displayed successfully
2021-06-04 19:03:28,085 - Check Element is displayed -INFO - click on Confirm Order Button
2021-06-04 19:03:28,489 - Check Element is displayed -INFO - Orders History Button is Displayed successfully
2021-06-04 19:03:30,831 - Check Element is displayed -INFO - click on Orders History Button
2021-06-04 19:03:30,960 - Open browser  -INFO - ============== TestCase 2 -  End ==============
2021-06-04 19:03:30,978 - Open browser  -INFO - Open the Excel file
2021-06-04 19:03:31,338 - Open browser  -INFO - ============== TestCase 3 -  Start ==============
2021-06-04 19:03:31,621 - Hover Element  -INFO - Hover element Women Sec
2021-06-04 19:03:32,104 - Check Element is displayed -INFO - BlousesSec is Displayed successfully
2021-06-04 19:03:34,252 - Check Element is displayed -INFO - click on BlousesSec
2021-06-04 19:03:34,746 - Hover Element  -INFO - Hover element First Blouse
2021-06-04 19:03:35,230 - Check Element is displayed -INFO - Add To Cart Button is Displayed successfully
2021-06-04 19:03:35,376 - Check Element is displayed -INFO - click on Add To Cart Button
2021-06-04 19:03:37,350 - Check Element is displayed -INFO - Proceed To Checkout Button is Displayed successfully
2021-06-04 19:03:39,280 - Check Element is displayed -INFO - click on Proceed To Checkout Button
2021-06-04 19:03:39,426 - Check Element is displayed -INFO - Proceed To Checkout Button is Displayed successfully
2021-06-04 19:03:41,110 - Check Element is displayed -INFO - click on Proceed To Checkout Button
2021-06-04 19:03:41,248 - Check Element is displayed -INFO - Address Comment is Displayed successfully
2021-06-04 19:03:41,570 - Check Element is displayed -INFO - Set Address Comment : 2nd floor
2021-06-04 19:03:41,723 - Check Element is displayed -INFO - Proceed To Checkout Button 2 is Displayed successfully
2021-06-04 19:03:45,795 - Check Element is displayed -INFO - click on Proceed To Checkout Button 2
2021-06-04 19:03:46,184 - Check Element is displayed -INFO - Terms  is Displayed successfully
2021-06-04 19:03:46,515 - Check Element is displayed -INFO - Click on Terms 
2021-06-04 19:03:49,331 - Check Element is displayed -INFO - Close Terms  is Displayed successfully
2021-06-04 19:03:49,545 - Check Element is displayed -INFO - Click on Close Terms 
2021-06-04 19:03:49,675 - Check Element is displayed -INFO - Terms Check Box is Displayed successfully
2021-06-04 19:03:50,164 - Check Element is displayed -INFO - Click on Terms Check Box
2021-06-04 19:03:50,354 - Check Element is displayed -INFO - Proceed To Checkout Button 3 is Displayed successfully
2021-06-04 19:03:51,797 - Check Element is displayed -INFO - click on Proceed To Checkout Button 3
2021-06-04 19:03:52,105 - Check Element is displayed -INFO - BankWire is Displayed successfully
2021-06-04 19:03:54,485 - Check Element is displayed -INFO - click on BankWire
2021-06-04 19:03:54,604 - Check Element is displayed -INFO - Confirm Order Button is Displayed successfully
2021-06-04 19:03:57,801 - Check Element is displayed -INFO - click on Confirm Order Button
2021-06-04 19:03:58,269 - Check Element is displayed -INFO - Orders History Button is Displayed successfully
2021-06-04 19:03:59,403 - Check Element is displayed -INFO - click on Orders History Button
2021-06-04 19:03:59,724 - Open browser  -INFO - ============== TestCase 3 -  End ==============
2021-06-04 19:03:59,738 - Open browser  -INFO - Open the Excel file
2021-06-04 19:03:59,917 - Open browser  -INFO - ============== TestCase 4 -  Start ==============
2021-06-04 19:04:00,242 - Hover Element  -INFO - Hover element Women Sec
2021-06-04 19:04:00,658 - Check Element is displayed -INFO - BlousesSec is Displayed successfully
2021-06-04 19:04:04,589 - Check Element is displayed -INFO - click on BlousesSec
2021-06-04 19:04:04,991 - Hover Element  -INFO - Hover element First Blouse
2021-06-04 19:04:05,364 - Check Element is displayed -INFO - Add To Cart Button is Displayed successfully
2021-06-04 19:04:05,539 - Check Element is displayed -INFO - click on Add To Cart Button
2021-06-04 19:04:08,157 - Check Element is displayed -INFO - Proceed To Checkout Button is Displayed successfully
2021-06-04 19:04:09,902 - Check Element is displayed -INFO - click on Proceed To Checkout Button
2021-06-04 19:04:10,009 - Check Element is displayed -INFO - Proceed To Checkout Button is Displayed successfully
2021-06-04 19:04:12,241 - Check Element is displayed -INFO - click on Proceed To Checkout Button
2021-06-04 19:04:12,561 - Check Element is displayed -INFO - Address Comment is Displayed successfully
2021-06-04 19:04:12,847 - Check Element is displayed -INFO - Set Address Comment : 2nd floor
2021-06-04 19:04:13,041 - Check Element is displayed -INFO - Proceed To Checkout Button 2 is Displayed successfully
2021-06-04 19:04:14,413 - Check Element is displayed -INFO - click on Proceed To Checkout Button 2
2021-06-04 19:04:14,712 - Check Element is displayed -INFO - Proceed To Checkout Button 3 is Displayed successfully
2021-06-04 19:04:15,126 - Check Element is displayed -INFO - click on Proceed To Checkout Button 3
2021-06-04 19:04:15,562 - Check Element is displayed -INFO - Close Error Message is Displayed successfully
2021-06-04 19:04:15,593 - Check Element is displayed -INFO - click on Close Error Message
2021-06-04 19:04:15,594 - Open browser  -INFO - ============== TestCase 4 -  End ==============
2021-06-04 19:04:18,348 - Close browser  -INFO - Close Browser ...
2021-06-04 19:04:22,726 - Open browser  -INFO - Opening Browser ...
2021-06-04 19:04:22,727 - Open browser  -INFO - Open URL = http://automationpractice.com/index.php
2021-06-04 19:04:29,308 - Open browser  -INFO - Open the Excel file
2021-06-04 19:04:29,594 - Open browser  -INFO - ============== TestCase 1 -  Start ==============
2021-06-04 19:04:30,374 - Check Element is displayed -INFO - Signin Button is Displayed successfully
2021-06-04 19:04:32,411 - Check Element is displayed -INFO - click on Signin Button
2021-06-04 19:04:32,647 - Check Element is displayed -INFO - Email is Displayed successfully
2021-06-04 19:04:33,214 - Check Element is displayed -INFO - Set Email : hagarrr61@gmail.com
2021-06-04 19:04:33,369 - Check Element is displayed -INFO - create Button is Displayed successfully
2021-06-04 19:04:33,630 - Check Element is displayed -INFO - Click on create Button
2021-06-04 19:04:34,824 - Open browser  -INFO - ============== TestCase 1 -  End ==============
2021-06-04 19:04:34,836 - Open browser  -INFO - Open the Excel file
2021-06-04 19:04:34,940 - Open browser  -INFO - ============== TestCase 2 -  Start ==============
2021-06-04 19:04:35,068 - Check Element is displayed -INFO - Email is Displayed successfully
2021-06-04 19:04:35,497 - Check Element is displayed -INFO - Set Email : HMnVhDIG@gmail.com
2021-06-04 19:04:35,592 - Check Element is displayed -INFO - create Button is Displayed successfully
2021-06-04 19:04:35,734 - Check Element is displayed -INFO - Click on create Button
2021-06-04 19:04:37,874 - Check Element is displayed -INFO - LastName is Displayed successfully
2021-06-04 19:04:38,674 - Check Element is displayed -INFO - Set LastName : hassan
2021-06-04 19:04:38,825 - Check Element is displayed -INFO - Password is Displayed successfully
2021-06-04 19:04:39,155 - Check Element is displayed -INFO - Set Password : 789634521H.
2021-06-04 19:04:39,274 - Check Element is displayed -INFO - Address is Displayed successfully
2021-06-04 19:04:39,637 - Check Element is displayed -INFO - Set Address : california
2021-06-04 19:04:39,775 - Check Element is displayed -INFO - City is Displayed successfully
2021-06-04 19:04:40,037 - Check Element is displayed -INFO - Set City : LA
2021-06-04 19:04:40,042 - Check Element is displayed -INFO - Press Tab
2021-06-04 19:04:42,053 - Check Element is displayed -INFO - Scroll down
2021-06-04 19:04:42,183 - Check Element is displayed -INFO - PostCode is Displayed successfully
2021-06-04 19:04:42,651 - Check Element is displayed -INFO - Set PostCode : 67897
2021-06-04 19:04:42,801 - Check Element is displayed -INFO - Mobile is Displayed successfully
2021-06-04 19:04:43,245 - Check Element is displayed -INFO - Set Mobile : 1155654359
2021-06-04 19:04:43,425 - Check Element is displayed -INFO - Register Button is Displayed successfully
2021-06-04 19:04:45,404 - Check Element is displayed -INFO - click on Register Button
2021-06-04 19:04:45,553 - Open browser  -INFO - ============== TestCase 2 -  End ==============
2021-06-04 19:04:45,567 - Open browser  -INFO - Open the Excel file
2021-06-04 19:04:45,795 - Open browser  -INFO - ============== TestCase 3 -  Start ==============
2021-06-04 19:04:45,939 - Check Element is displayed -INFO - Signin Button is Displayed successfully
2021-06-04 19:04:47,668 - Check Element is displayed -INFO - click on Signin Button
2021-06-04 19:04:47,830 - Check Element is displayed -INFO - Email is Displayed successfully
2021-06-04 19:04:48,203 - Check Element is displayed -INFO - Set Email : HMnVhDIG@gmail.com
2021-06-04 19:04:48,311 - Check Element is displayed -INFO - create Button is Displayed successfully
2021-06-04 19:04:48,627 - Check Element is displayed -INFO - Click on create Button
2021-06-04 19:04:50,401 - Check Element is displayed -INFO - FirstName is Displayed successfully
2021-06-04 19:04:51,073 - Check Element is displayed -INFO - Set FirstName : hassan
2021-06-04 19:04:51,193 - Check Element is displayed -INFO - Password is Displayed successfully
2021-06-04 19:04:51,755 - Check Element is displayed -INFO - Set Password : 789634521H.
2021-06-04 19:04:51,962 - Check Element is displayed -INFO - Address is Displayed successfully
2021-06-04 19:04:52,469 - Check Element is displayed -INFO - Set Address : california
2021-06-04 19:04:52,619 - Check Element is displayed -INFO - City is Displayed successfully
2021-06-04 19:04:52,914 - Check Element is displayed -INFO - Set City : LA
2021-06-04 19:04:52,927 - Check Element is displayed -INFO - Press Tab
2021-06-04 19:04:54,939 - Check Element is displayed -INFO - Scroll down
2021-06-04 19:04:55,043 - Check Element is displayed -INFO - PostCode is Displayed successfully
2021-06-04 19:04:55,325 - Check Element is displayed -INFO - Set PostCode : 67897
2021-06-04 19:04:55,430 - Check Element is displayed -INFO - Mobile is Displayed successfully
2021-06-04 19:04:55,655 - Check Element is displayed -INFO - Set Mobile : 1155654359
2021-06-04 19:04:55,775 - Check Element is displayed -INFO - Register Button is Displayed successfully
2021-06-04 19:04:58,491 - Check Element is displayed -INFO - click on Register Button
2021-06-04 19:04:58,611 - Open browser  -INFO - ============== TestCase 3 -  End ==============
2021-06-04 19:04:58,623 - Open browser  -INFO - Open the Excel file
2021-06-04 19:04:58,813 - Open browser  -INFO - ============== TestCase 4 -  Start ==============
2021-06-04 19:04:58,894 - Check Element is displayed -INFO - Signin Button is Displayed successfully
2021-06-04 19:05:02,448 - Check Element is displayed -INFO - click on Signin Button
2021-06-04 19:05:02,553 - Check Element is displayed -INFO - Email is Displayed successfully
2021-06-04 19:05:02,859 - Check Element is displayed -INFO - Set Email : HMnVhDIG@gmail.com
2021-06-04 19:05:02,936 - Check Element is displayed -INFO - create Button is Displayed successfully
2021-06-04 19:05:03,170 - Check Element is displayed -INFO - Click on create Button
2021-06-04 19:05:05,832 - Check Element is displayed -INFO - FirstName is Displayed successfully
2021-06-04 19:05:06,274 - Check Element is displayed -INFO - Set FirstName : hassan
2021-06-04 19:05:06,444 - Check Element is displayed -INFO - LastName is Displayed successfully
2021-06-04 19:05:06,698 - Check Element is displayed -INFO - Set LastName : Ahmed
2021-06-04 19:05:06,843 - Check Element is displayed -INFO - Address is Displayed successfully
2021-06-04 19:05:07,128 - Check Element is displayed -INFO - Set Address : california
2021-06-04 19:05:07,251 - Check Element is displayed -INFO - City is Displayed successfully
2021-06-04 19:05:07,505 - Check Element is displayed -INFO - Set City : LA
2021-06-04 19:05:07,511 - Check Element is displayed -INFO - Press Tab
2021-06-04 19:05:09,515 - Check Element is displayed -INFO - Scroll down
2021-06-04 19:05:09,590 - Check Element is displayed -INFO - PostCode is Displayed successfully
2021-06-04 19:05:09,810 - Check Element is displayed -INFO - Set PostCode : 67897
2021-06-04 19:05:09,893 - Check Element is displayed -INFO - Mobile is Displayed successfully
2021-06-04 19:05:10,105 - Check Element is displayed -INFO - Set Mobile : 1155654359
2021-06-04 19:05:10,200 - Check Element is displayed -INFO - Register Button is Displayed successfully
2021-06-04 19:05:11,863 - Check Element is displayed -INFO - click on Register Button
2021-06-04 19:05:11,981 - Open browser  -INFO - ============== TestCase 4 -  End ==============
2021-06-04 19:05:11,993 - Open browser  -INFO - Open the Excel file
2021-06-04 19:05:12,187 - Open browser  -INFO - ============== TestCase 5 -  Start ==============
2021-06-04 19:05:12,292 - Check Element is displayed -INFO - Signin Button is Displayed successfully
2021-06-04 19:05:14,135 - Check Element is displayed -INFO - click on Signin Button
2021-06-04 19:05:14,266 - Check Element is displayed -INFO - Email is Displayed successfully
2021-06-04 19:05:14,651 - Check Element is displayed -INFO - Set Email : HMnVhDIG@gmail.com
2021-06-04 19:05:14,745 - Check Element is displayed -INFO - create Button is Displayed successfully
2021-06-04 19:05:14,990 - Check Element is displayed -INFO - Click on create Button
2021-06-04 19:05:16,668 - Check Element is displayed -INFO - FirstName is Displayed successfully
2021-06-04 19:05:17,131 - Check Element is displayed -INFO - Set FirstName : hassan
2021-06-04 19:05:17,230 - Check Element is displayed -INFO - LastName is Displayed successfully
2021-06-04 19:05:17,565 - Check Element is displayed -INFO - Set LastName : Ahmed
2021-06-04 19:05:17,687 - Check Element is displayed -INFO - Password is Displayed successfully
2021-06-04 19:05:17,990 - Check Element is displayed -INFO - Set Password : 789634521H.
2021-06-04 19:05:18,083 - Check Element is displayed -INFO - City is Displayed successfully
2021-06-04 19:05:18,333 - Check Element is displayed -INFO - Set City : LA
2021-06-04 19:05:18,339 - Check Element is displayed -INFO - Press Tab
2021-06-04 19:05:20,345 - Check Element is displayed -INFO - Scroll down
2021-06-04 19:05:20,457 - Check Element is displayed -INFO - PostCode is Displayed successfully
2021-06-04 19:05:20,710 - Check Element is displayed -INFO - Set PostCode : 67897
2021-06-04 19:05:20,817 - Check Element is displayed -INFO - Mobile is Displayed successfully
2021-06-04 19:05:21,159 - Check Element is displayed -INFO - Set Mobile : 1155654359
2021-06-04 19:05:21,261 - Check Element is displayed -INFO - Register Button is Displayed successfully
2021-06-04 19:05:23,973 - Check Element is displayed -INFO - click on Register Button
2021-06-04 19:05:24,227 - Open browser  -INFO - ============== TestCase 5 -  End ==============
2021-06-04 19:05:24,240 - Open browser  -INFO - Open the Excel file
2021-06-04 19:05:24,337 - Open browser  -INFO - ============== TestCase 6 -  Start ==============
2021-06-04 19:05:24,733 - Check Element is displayed -INFO - Signin Button is Displayed successfully
2021-06-04 19:05:28,404 - Check Element is displayed -INFO - click on Signin Button
2021-06-04 19:05:28,485 - Check Element is displayed -INFO - Email is Displayed successfully
2021-06-04 19:05:28,876 - Check Element is displayed -INFO - Set Email : HMnVhDIG@gmail.com
2021-06-04 19:05:28,970 - Check Element is displayed -INFO - create Button is Displayed successfully
2021-06-04 19:05:29,156 - Check Element is displayed -INFO - Click on create Button
2021-06-04 19:05:31,325 - Check Element is displayed -INFO - FirstName is Displayed successfully
2021-06-04 19:05:31,808 - Check Element is displayed -INFO - Set FirstName : hagar
2021-06-04 19:05:32,076 - Check Element is displayed -INFO - LastName is Displayed successfully
2021-06-04 19:05:32,297 - Check Element is displayed -INFO - Set LastName : hassan
2021-06-04 19:05:32,401 - Check Element is displayed -INFO - Password is Displayed successfully
2021-06-04 19:05:32,632 - Check Element is displayed -INFO - Set Password : 789634521H.
2021-06-04 19:05:32,733 - Check Element is displayed -INFO - Address is Displayed successfully
2021-06-04 19:05:32,993 - Check Element is displayed -INFO - Set Address : california
2021-06-04 19:05:33,090 - Check Element is displayed -INFO - City is Displayed successfully
2021-06-04 19:05:33,298 - Check Element is displayed -INFO - Set City : LA
2021-06-04 19:05:33,301 - Check Element is displayed -INFO - Press Tab
2021-06-04 19:05:35,305 - Check Element is displayed -INFO - Scroll down
2021-06-04 19:05:35,385 - Check Element is displayed -INFO - PostCode is Displayed successfully
2021-06-04 19:05:35,601 - Check Element is displayed -INFO - Set PostCode : 67897
2021-06-04 19:05:35,684 - Check Element is displayed -INFO - Register Button is Displayed successfully
2021-06-04 19:05:37,935 - Check Element is displayed -INFO - click on Register Button
2021-06-04 19:05:38,050 - Open browser  -INFO - ============== TestCase 6 -  End ==============
2021-06-04 19:05:38,063 - Open browser  -INFO - Open the Excel file
2021-06-04 19:05:38,286 - Open browser  -INFO - ============== TestCase 7 -  Start ==============
2021-06-04 19:05:38,507 - Check Element is displayed -INFO - Signin Button is Displayed successfully
2021-06-04 19:05:41,084 - Check Element is displayed -INFO - click on Signin Button
2021-06-04 19:05:41,187 - Check Element is displayed -INFO - Email is Displayed successfully
2021-06-04 19:05:41,505 - Check Element is displayed -INFO - Set Email : HMnVhDIG@gmail.com
2021-06-04 19:05:41,579 - Check Element is displayed -INFO - create Button is Displayed successfully
2021-06-04 19:05:41,857 - Check Element is displayed -INFO - Click on create Button
2021-06-04 19:05:44,099 - Check Element is displayed -INFO - FirstName is Displayed successfully
2021-06-04 19:05:44,725 - Check Element is displayed -INFO - Set FirstName : hagar
2021-06-04 19:05:44,865 - Check Element is displayed -INFO - LastName is Displayed successfully
2021-06-04 19:05:45,213 - Check Element is displayed -INFO - Set LastName : hassan
2021-06-04 19:05:45,321 - Check Element is displayed -INFO - Password is Displayed successfully
2021-06-04 19:05:45,597 - Check Element is displayed -INFO - Set Password : 789634521H.
2021-06-04 19:05:45,681 - Check Element is displayed -INFO - Address is Displayed successfully
2021-06-04 19:05:45,955 - Check Element is displayed -INFO - Set Address : california
2021-06-04 19:05:46,061 - Check Element is displayed -INFO - City is Displayed successfully
2021-06-04 19:05:46,302 - Check Element is displayed -INFO - Set City : LA
2021-06-04 19:05:46,308 - Check Element is displayed -INFO - Press Tab
2021-06-04 19:05:48,312 - Check Element is displayed -INFO - Scroll down
2021-06-04 19:05:48,408 - Check Element is displayed -INFO - Mobile is Displayed successfully
2021-06-04 19:05:48,681 - Check Element is displayed -INFO - Set Mobile : 1155654359
2021-06-04 19:05:48,873 - Check Element is displayed -INFO - Register Button is Displayed successfully
2021-06-04 19:05:50,701 - Check Element is displayed -INFO - click on Register Button
2021-06-04 19:05:50,804 - Open browser  -INFO - ============== TestCase 7 -  End ==============
2021-06-04 19:05:52,930 - Close browser  -INFO - Close Browser ...
